2.237999999999999901e+01
2.178999999999999915e+01
2.205999999999999872e+01
2.425000000000000000e+01
2.412999999999999901e+01
2.235999999999999943e+01
2.235000000000000142e+01
2.555999999999999872e+01
2.432999999999999829e+01
2.394999999999999929e+01
2.289999999999999858e+01
2.764999999999999858e+01
2.621999999999999886e+01
3.661999999999999744e+01
3.640999999999999659e+01
1.703000000000000114e+01
2.219000000000000128e+01
2.189999999999999858e+01
3.914999999999999858e+01
2.467999999999999972e+01
2.342000000000000171e+01
2.514999999999999858e+01
2.476999999999999957e+01
2.458999999999999986e+01
2.412000000000000099e+01
3.202000000000000313e+01
2.592000000000000171e+01
3.133999999999999986e+01
2.703000000000000114e+01
3.019999999999999929e+01
3.055999999999999872e+01
3.318999999999999773e+01
3.436999999999999744e+01
3.144000000000000128e+01
1.876999999999999957e+01
1.992000000000000171e+01
2.348000000000000043e+01
2.064000000000000057e+01
3.012000000000000099e+01
2.112999999999999901e+01
2.755000000000000071e+01
2.119000000000000128e+01
2.203999999999999915e+01
2.412000000000000099e+01
2.407000000000000028e+01
3.235999999999999943e+01
2.255999999999999872e+01
2.246999999999999886e+01
2.405000000000000071e+01
2.594999999999999929e+01
2.362999999999999901e+01
2.421000000000000085e+01
2.287999999999999901e+01
2.837000000000000099e+01
2.494999999999999929e+01
2.460000000000000142e+01
2.641000000000000014e+01
2.512999999999999901e+01
3.264999999999999858e+01
2.857000000000000028e+01
2.637000000000000099e+01
2.539000000000000057e+01
3.256000000000000227e+01
2.842000000000000171e+01
2.910000000000000142e+01
3.235000000000000142e+01
2.842000000000000171e+01
3.101000000000000156e+01
2.689999999999999858e+01
2.937999999999999901e+01
3.103000000000000114e+01
3.044000000000000128e+01
2.923999999999999844e+01
2.721000000000000085e+01
3.103000000000000114e+01
2.685000000000000142e+01
3.126000000000000156e+01
3.101999999999999957e+01
3.057000000000000028e+01
2.932000000000000028e+01
3.096999999999999886e+01
2.835999999999999943e+01
3.522999999999999687e+01
3.420000000000000284e+01
3.260999999999999943e+01
2.789000000000000057e+01
3.296999999999999886e+01
3.057999999999999829e+01
4.189000000000000057e+01
3.464999999999999858e+01
3.249000000000000199e+01
3.035999999999999943e+01
2.969999999999999929e+01
3.246999999999999886e+01
3.078000000000000114e+01
3.478000000000000114e+01
3.250999999999999801e+01
3.253999999999999915e+01
3.142000000000000171e+01
3.066000000000000014e+01
2.903000000000000114e+01
3.264999999999999858e+01
3.132000000000000028e+01
3.314000000000000057e+01
3.372999999999999687e+01
3.304999999999999716e+01
3.264999999999999858e+01
3.589999999999999858e+01
3.471999999999999886e+01
3.407000000000000028e+01
3.300000000000000000e+01
2.010999999999999943e+01
2.137000000000000099e+01
1.921000000000000085e+01
1.992999999999999972e+01
2.092999999999999972e+01
2.291000000000000014e+01
2.500000000000000000e+01
2.285999999999999943e+01
2.198000000000000043e+01
2.389000000000000057e+01
2.473000000000000043e+01
2.146999999999999886e+01
2.576999999999999957e+01
1.876999999999999957e+01
1.930999999999999872e+01
2.230999999999999872e+01
2.305999999999999872e+01
2.182999999999999829e+01
2.526999999999999957e+01
2.453999999999999915e+01
2.426999999999999957e+01
2.532000000000000028e+01
2.698000000000000043e+01
2.732999999999999829e+01
2.991000000000000014e+01
2.255999999999999872e+01
2.687000000000000099e+01
2.696999999999999886e+01
2.669999999999999929e+01
2.610000000000000142e+01
2.876000000000000156e+01
2.819999999999999929e+01
2.862000000000000099e+01
2.621000000000000085e+01
2.351000000000000156e+01
2.832000000000000028e+01
2.767999999999999972e+01
3.010000000000000142e+01
2.651999999999999957e+01
2.666000000000000014e+01
2.992000000000000171e+01
3.209000000000000341e+01
3.211999999999999744e+01
2.894999999999999929e+01
2.816000000000000014e+01
2.723000000000000043e+01
2.760999999999999943e+01
3.284000000000000341e+01
3.176000000000000156e+01
3.117999999999999972e+01
3.164000000000000057e+01
3.410000000000000142e+01
3.259000000000000341e+01
3.116000000000000014e+01
2.994000000000000128e+01
3.033999999999999986e+01
2.814000000000000057e+01
2.898999999999999844e+01
3.246999999999999886e+01
3.017000000000000171e+01
3.292999999999999972e+01
3.403000000000000114e+01
3.295000000000000284e+01
3.182999999999999829e+01
3.146999999999999886e+01
3.185999999999999943e+01
2.253000000000000114e+01
2.355999999999999872e+01
2.894999999999999929e+01
2.491000000000000014e+01
2.371999999999999886e+01
2.264000000000000057e+01
2.200000000000000000e+01
3.089000000000000057e+01
2.351999999999999957e+01
3.158999999999999986e+01
2.825000000000000000e+01
2.760999999999999943e+01
3.005999999999999872e+01
2.469000000000000128e+01
2.753000000000000114e+01
3.007000000000000028e+01
2.480000000000000071e+01
2.489999999999999858e+01
2.362000000000000099e+01
2.871000000000000085e+01
2.905999999999999872e+01
2.366000000000000014e+01
2.428999999999999915e+01
2.405999999999999872e+01
2.307999999999999829e+01
2.823000000000000043e+01
2.494000000000000128e+01
3.720000000000000284e+01
2.626000000000000156e+01
2.837999999999999901e+01
3.547999999999999687e+01
3.524000000000000199e+01
2.860000000000000142e+01
3.979999999999999716e+01
2.975000000000000000e+01
2.760999999999999943e+01
3.256000000000000227e+01
2.944000000000000128e+01
3.709000000000000341e+01
3.270000000000000284e+01
3.452000000000000313e+01
2.769999999999999929e+01
2.439999999999999858e+01
3.686999999999999744e+01
2.469999999999999929e+01
2.505999999999999872e+01
2.419999999999999929e+01
2.214999999999999858e+01
1.905000000000000071e+01
2.135999999999999943e+01
1.978999999999999915e+01
2.116000000000000014e+01
2.414000000000000057e+01
2.108999999999999986e+01
1.955999999999999872e+01
2.166000000000000014e+01
1.842000000000000171e+01
2.351000000000000156e+01
2.042000000000000171e+01
2.042000000000000171e+01
1.969999999999999929e+01
1.966000000000000014e+01
2.230000000000000071e+01
2.596999999999999886e+01
2.123999999999999844e+01
2.569000000000000128e+01
2.562000000000000099e+01
2.667999999999999972e+01
2.110999999999999943e+01
1.535999999999999943e+01
2.364999999999999858e+01
2.001000000000000156e+01
2.089999999999999858e+01
2.273999999999999844e+01
2.153000000000000114e+01
1.728999999999999915e+01
2.453000000000000114e+01
2.175000000000000000e+01
1.976000000000000156e+01
2.591000000000000014e+01
2.519000000000000128e+01
2.478000000000000114e+01
2.364000000000000057e+01
2.437999999999999901e+01
1.925000000000000000e+01
1.905999999999999872e+01
2.348000000000000043e+01
1.921000000000000085e+01
2.439000000000000057e+01
2.312999999999999901e+01
2.485999999999999943e+01
2.317000000000000171e+01
2.367000000000000171e+01
2.358999999999999986e+01
2.319000000000000128e+01
2.005999999999999872e+01
2.094000000000000128e+01
2.287999999999999901e+01
2.207999999999999829e+01
2.476000000000000156e+01
2.621999999999999886e+01
2.101999999999999957e+01
2.782999999999999829e+01
2.617000000000000171e+01
2.396000000000000085e+01
2.992999999999999972e+01
2.757999999999999829e+01
2.637000000000000099e+01
2.587999999999999901e+01
2.312999999999999901e+01
2.551999999999999957e+01
2.285999999999999943e+01
2.169000000000000128e+01
2.623000000000000043e+01
2.582000000000000028e+01
2.635000000000000142e+01
2.223999999999999844e+01
2.596999999999999886e+01
1.842999999999999972e+01
2.925000000000000000e+01
3.030999999999999872e+01
2.546999999999999886e+01
3.246000000000000085e+01
3.132000000000000028e+01
2.551999999999999957e+01
3.053999999999999915e+01
3.549000000000000199e+01
2.562000000000000099e+01
3.932999999999999829e+01
3.460999999999999943e+01
4.877700000000000102e+01
4.780700000000000216e+01
3.878000000000000114e+01
4.449000000000000199e+01
4.055499999999999972e+01
3.003099999999999881e+01
4.303499999999999659e+01
3.526800000000000068e+01
3.919400000000000261e+01
3.951100000000000279e+01
3.802799999999999869e+01
3.962700000000000244e+01
3.877199999999999847e+01
4.125500000000000256e+01
3.633599999999999852e+01
3.948299999999999699e+01
4.031400000000000006e+01
3.926400000000000290e+01
3.961699999999999733e+01
3.602300000000000324e+01
4.050099999999999767e+01
3.601599999999999824e+01
3.185399999999999920e+01
4.040800000000000125e+01
3.784300000000000352e+01
3.968999999999999773e+01
3.403499999999999659e+01
3.956499999999999773e+01
3.733500000000000085e+01
3.805100000000000193e+01
3.729899999999999949e+01
3.410300000000000153e+01
3.783200000000000074e+01
3.872399999999999665e+01
3.649699999999999989e+01
3.613000000000000256e+01
3.201599999999999824e+01
3.669800000000000040e+01
3.470600000000000307e+01
3.572399999999999665e+01
3.717600000000000193e+01
3.412899999999999778e+01
3.647999999999999687e+01
3.751599999999999824e+01
3.324000000000000199e+01
3.185600000000000165e+01
3.520799999999999841e+01
3.584899999999999665e+01
3.464999999999999858e+01
2.908699999999999974e+01
3.336299999999999955e+01
3.632600000000000051e+01
3.526100000000000279e+01
3.378900000000000148e+01
3.609199999999999875e+01
3.451400000000000290e+01
3.353699999999999903e+01
3.362899999999999778e+01
2.965700000000000003e+01
3.240500000000000114e+01
3.210399999999999920e+01
3.304999999999999716e+01
3.268800000000000239e+01
3.289099999999999824e+01
3.228600000000000136e+01
2.992000000000000171e+01
3.038100000000000023e+01
3.355899999999999750e+01
3.064799999999999969e+01
2.977899999999999991e+01
3.042299999999999827e+01
3.108299999999999841e+01
3.180399999999999849e+01
2.974200000000000088e+01
3.172899999999999920e+01
3.267699999999999960e+01
3.216400000000000148e+01
3.178900000000000148e+01
2.630099999999999838e+01
2.505099999999999838e+01
2.916199999999999903e+01
2.932999999999999829e+01
2.847400000000000020e+01
2.503500000000000014e+01
2.642200000000000060e+01
2.837300000000000111e+01
2.710999999999999943e+01
2.358200000000000074e+01
2.666400000000000148e+01
2.387000000000000099e+01
2.455499999999999972e+01
2.262699999999999889e+01
2.306899999999999906e+01
1.830499999999999972e+01
1.727499999999999858e+01
1.484099999999999930e+01
1.469899999999999984e+01
1.387400000000000055e+01
1.050099999999999945e+01
8.779999999999999361e+00
3.383100000000000307e+01
3.279699999999999704e+01
2.951099999999999923e+01
2.808500000000000085e+01
2.005300000000000082e+01
3.344299999999999784e+01
3.383100000000000307e+01
2.718799999999999883e+01
3.202600000000000335e+01
