7.203000000000000291e+00
7.131000000000000227e+00
7.174999999999999822e+00
7.415000000000000036e+00
7.395999999999999908e+00
7.139000000000000234e+00
7.136999999999999567e+00
7.616999999999999993e+00
7.427999999999999936e+00
7.400000000000000355e+00
7.274000000000000021e+00
7.975999999999999979e+00
7.743000000000000327e+00
9.021000000000000796e+00
8.888999999999999346e+00
6.371999999999999886e+00
7.195999999999999730e+00
7.123000000000000220e+00
9.291000000000000369e+00
7.527000000000000135e+00
7.243999999999999773e+00
7.775000000000000355e+00
7.567000000000000171e+00
7.533999999999999808e+00
7.554000000000000270e+00
8.425000000000000711e+00
7.903999999999999915e+00
8.506999999999999673e+00
7.916000000000000369e+00
8.400999999999999801e+00
8.438000000000000611e+00
8.736000000000000654e+00
8.852000000000000313e+00
8.490000000000000213e+00
6.918999999999999595e+00
7.123999999999999666e+00
7.493999999999999773e+00
7.258000000000000007e+00
8.131000000000000227e+00
7.225999999999999979e+00
7.987000000000000099e+00
7.275000000000000355e+00
7.320000000000000284e+00
7.663000000000000256e+00
7.461000000000000298e+00
8.477000000000000313e+00
7.472999999999999865e+00
7.381999999999999673e+00
7.637999999999999901e+00
7.907000000000000028e+00
7.623999999999999666e+00
7.663999999999999702e+00
7.431000000000000050e+00
8.114000000000000767e+00
7.761000000000000121e+00
7.677999999999999936e+00
7.996999999999999886e+00
7.649000000000000021e+00
8.641000000000000014e+00
8.115000000000000213e+00
7.841999999999999638e+00
7.825000000000000178e+00
8.630000000000000782e+00
8.127000000000000668e+00
8.073000000000000398e+00
8.608999999999999986e+00
8.127000000000000668e+00
8.422000000000000597e+00
7.883000000000000007e+00
8.294000000000000483e+00
8.419000000000000483e+00
8.416000000000000369e+00
8.218999999999999417e+00
7.988999999999999879e+00
8.433999999999999275e+00
7.875000000000000000e+00
8.436999999999999389e+00
8.428000000000000824e+00
8.355000000000000426e+00
8.285999999999999588e+00
8.397000000000000242e+00
8.118999999999999773e+00
8.881999999999999673e+00
8.772999999999999687e+00
8.647000000000000242e+00
8.083999999999999631e+00
8.622999999999999332e+00
8.329000000000000625e+00
9.433999999999999275e+00
8.925000000000000711e+00
8.512999999999999901e+00
8.339999999999999858e+00
8.249000000000000554e+00
8.637999999999999901e+00
8.371999999999999886e+00
8.723000000000000753e+00
8.627000000000000668e+00
8.570999999999999730e+00
8.506999999999999673e+00
8.310000000000000497e+00
8.284000000000000696e+00
8.644999999999999574e+00
8.333999999999999631e+00
8.747999999999999332e+00
8.710000000000000853e+00
8.603999999999999204e+00
8.589999999999999858e+00
8.955999999999999517e+00
8.829000000000000625e+00
8.701999999999999957e+00
8.525000000000000355e+00
7.270999999999999908e+00
7.200999999999999623e+00
6.919999999999999929e+00
6.844999999999999751e+00
7.108999999999999986e+00
7.315000000000000391e+00
7.695000000000000284e+00
7.424000000000000377e+00
7.330000000000000071e+00
7.519000000000000128e+00
7.634999999999999787e+00
7.272000000000000242e+00
7.740000000000000213e+00
6.892000000000000348e+00
6.831000000000000405e+00
7.360000000000000320e+00
7.429000000000000270e+00
7.376000000000000334e+00
7.612000000000000099e+00
7.652999999999999581e+00
7.631999999999999673e+00
7.743999999999999773e+00
7.911999999999999922e+00
7.871000000000000441e+00
8.246999999999999886e+00
7.442999999999999616e+00
7.894999999999999574e+00
7.910000000000000142e+00
7.750000000000000000e+00
7.814000000000000057e+00
8.166999999999999815e+00
8.167999999999999261e+00
8.124000000000000554e+00
7.777000000000000135e+00
7.440000000000000391e+00
8.064000000000000057e+00
7.988999999999999879e+00
8.317000000000000171e+00
7.950000000000000178e+00
7.881000000000000227e+00
8.228999999999999204e+00
8.483999999999999986e+00
8.412000000000000810e+00
8.061999999999999389e+00
8.089999999999999858e+00
7.903999999999999915e+00
8.045999999999999375e+00
8.614000000000000767e+00
8.483999999999999986e+00
8.429999999999999716e+00
8.417999999999999261e+00
8.736000000000000654e+00
8.576000000000000512e+00
8.473000000000000753e+00
8.143000000000000682e+00
8.202999999999999403e+00
8.064999999999999503e+00
8.132999999999999119e+00
8.526999999999999247e+00
8.242000000000000881e+00
8.503000000000000114e+00
8.723000000000000753e+00
8.660000000000000142e+00
8.420999999999999375e+00
8.339000000000000412e+00
8.426999999999999602e+00
7.256000000000000227e+00
7.342999999999999972e+00
7.961000000000000298e+00
7.562999999999999723e+00
7.350999999999999979e+00
7.208999999999999631e+00
7.166000000000000369e+00
8.256000000000000227e+00
7.336000000000000298e+00
8.423000000000000043e+00
8.082000000000000739e+00
7.990999999999999659e+00
8.115000000000000213e+00
7.490000000000000213e+00
7.831000000000000405e+00
8.085000000000000853e+00
7.512999999999999901e+00
7.554999999999999716e+00
7.378999999999999559e+00
8.042999999999999261e+00
7.993999999999999773e+00
7.400000000000000355e+00
7.421000000000000263e+00
7.331999999999999851e+00
7.222999999999999865e+00
7.929000000000000270e+00
7.519999999999999574e+00
8.961000000000000298e+00
7.711999999999999744e+00
7.967999999999999972e+00
8.712999999999999190e+00
8.624000000000000554e+00
8.098000000000000753e+00
9.060000000000000497e+00
8.224000000000000199e+00
7.849999999999999645e+00
8.416000000000000369e+00
8.210000000000000853e+00
8.914999999999999147e+00
8.528000000000000469e+00
8.698999999999999844e+00
7.956000000000000405e+00
7.424999999999999822e+00
8.923999999999999488e+00
7.533999999999999808e+00
7.506999999999999673e+00
7.418999999999999595e+00
7.150999999999999801e+00
6.735000000000000320e+00
6.964000000000000412e+00
6.908000000000000362e+00
7.046999999999999709e+00
7.392999999999999794e+00
7.075999999999999623e+00
6.770999999999999908e+00
7.094999999999999751e+00
6.698000000000000398e+00
7.352999999999999758e+00
6.958999999999999631e+00
6.958999999999999631e+00
6.873999999999999666e+00
6.815999999999999837e+00
7.190000000000000391e+00
7.607999999999999652e+00
7.057999999999999829e+00
7.596000000000000085e+00
7.591999999999999638e+00
7.671999999999999709e+00
7.035000000000000142e+00
6.219999999999999751e+00
7.299999999999999822e+00
6.926999999999999602e+00
6.998000000000000220e+00
7.274000000000000021e+00
7.052999999999999936e+00
6.524000000000000021e+00
7.461000000000000298e+00
7.068999999999999950e+00
6.833000000000000185e+00
7.623000000000000220e+00
7.532000000000000028e+00
7.500000000000000000e+00
7.315999999999999837e+00
7.403999999999999915e+00
6.774000000000000021e+00
6.746999999999999886e+00
7.253000000000000114e+00
6.774000000000000021e+00
7.437999999999999723e+00
7.267000000000000348e+00
7.506999999999999673e+00
7.274000000000000021e+00
7.333999999999999631e+00
7.322000000000000064e+00
7.317000000000000171e+00
6.935999999999999943e+00
6.967999999999999972e+00
7.267000000000000348e+00
7.163999999999999702e+00
7.506000000000000227e+00
7.735999999999999766e+00
6.974999999999999645e+00
7.799999999999999822e+00
7.645999999999999908e+00
7.437999999999999723e+00
8.150000000000000355e+00
7.788999999999999702e+00
7.692000000000000171e+00
7.618000000000000327e+00
7.267999999999999794e+00
7.580000000000000071e+00
7.264999999999999680e+00
7.110000000000000320e+00
7.738000000000000433e+00
7.658999999999999808e+00
7.754999999999999893e+00
7.182999999999999829e+00
7.668000000000000149e+00
6.690999999999999837e+00
8.096999999999999531e+00
8.028000000000000469e+00
7.660000000000000142e+00
8.400999999999999801e+00
8.348000000000000753e+00
7.666999999999999815e+00
8.268000000000000682e+00
8.762000000000000455e+00
7.682000000000000384e+00
9.172000000000000597e+00
8.692000000000000171e+00
9.569000000000000838e+00
9.971999999999999531e+00
8.365000000000000213e+00
9.728999999999999204e+00
9.060999999999999943e+00
6.336999999999999744e+00
9.544999999999999929e+00
8.076999999999999957e+00
8.948999999999999844e+00
9.167999999999999261e+00
8.596999999999999531e+00
9.162000000000000810e+00
9.080999999999999517e+00
9.217999999999999972e+00
8.439999999999999503e+00
9.282000000000000028e+00
9.398999999999999133e+00
9.317000000000000171e+00
9.287000000000000810e+00
8.682000000000000384e+00
9.497999999999999332e+00
8.481999999999999318e+00
8.061999999999999389e+00
9.429999999999999716e+00
9.041999999999999815e+00
9.352000000000000313e+00
8.160999999999999588e+00
9.281000000000000583e+00
8.912000000000000810e+00
9.080999999999999517e+00
8.993000000000000327e+00
8.205000000000000071e+00
9.269999999999999574e+00
9.551999999999999602e+00
9.080999999999999517e+00
8.945000000000000284e+00
7.950999999999999623e+00
8.971999999999999531e+00
8.823999999999999844e+00
8.881999999999999673e+00
9.243000000000000327e+00
8.535999999999999588e+00
9.080999999999999517e+00
9.214999999999999858e+00
8.281000000000000583e+00
7.924000000000000377e+00
9.166999999999999815e+00
8.907999999999999474e+00
8.849000000000000199e+00
7.495000000000000107e+00
8.634999999999999787e+00
8.964000000000000412e+00
8.877000000000000668e+00
8.246000000000000441e+00
9.244999999999999218e+00
8.804999999999999716e+00
8.871000000000000441e+00
8.737000000000000099e+00
7.727000000000000313e+00
8.679999999999999716e+00
8.544000000000000483e+00
8.797000000000000597e+00
8.573999999999999844e+00
8.739000000000000767e+00
8.816000000000000725e+00
7.857999999999999652e+00
8.278999999999999915e+00
8.672000000000000597e+00
8.369999999999999218e+00
8.060999999999999943e+00
8.023999999999999133e+00
8.554999999999999716e+00
8.535000000000000142e+00
8.000999999999999446e+00
8.673999999999999488e+00
8.727999999999999758e+00
8.791999999999999815e+00
8.602999999999999758e+00
7.108999999999999986e+00
7.168000000000000149e+00
8.247999999999999332e+00
8.269000000000000128e+00
7.955000000000000071e+00
7.330000000000000071e+00
7.924000000000000377e+00
7.940000000000000391e+00
7.974999999999999645e+00
7.317999999999999616e+00
8.038999999999999702e+00
7.714999999999999858e+00
7.740000000000000213e+00
7.525999999999999801e+00
7.969999999999999751e+00
7.001000000000000334e+00
7.046000000000000263e+00
6.541000000000000369e+00
6.685999999999999943e+00
6.464000000000000412e+00
6.700000000000000178e+00
5.575999999999999623e+00
9.384000000000000341e+00
8.807999999999999829e+00
8.428000000000000824e+00
8.663999999999999702e+00
7.179000000000000270e+00
8.650000000000000355e+00
9.384000000000000341e+00
8.073999999999999844e+00
8.553000000000000824e+00
